cl : command line warning D9035: option 'Gm' has been deprecated and will be removed in a future release
  main.cpp
C:\Users\12284\OneDrive\桌面\cs3241\Lab3_todo_(win-vs2017)\main.cpp(65,54): warning C4305: 'initializing': truncation from 'double' to 'const GLfloat'
C:\Users\12284\OneDrive\桌面\cs3241\Lab3_todo_(win-vs2017)\main.cpp(71,54): warning C4305: 'initializing': truncation from 'double' to 'const GLfloat'
C:\Users\12284\OneDrive\桌面\cs3241\Lab3_todo_(win-vs2017)\main.cpp(393,52): warning C4305: 'initializing': truncation from 'double' to 'GLfloat'
C:\Users\12284\OneDrive\桌面\cs3241\Lab3_todo_(win-vs2017)\main.cpp(797,50): warning C4305: 'initializing': truncation from 'double' to 'GLfloat'
C:\Users\12284\OneDrive\桌面\cs3241\Lab3_todo_(win-vs2017)\main.cpp(798,50): warning C4305: 'initializing': truncation from 'double' to 'GLfloat'
C:\Users\12284\OneDrive\桌面\cs3241\Lab3_todo_(win-vs2017)\main.cpp(799,51): warning C4305: 'initializing': truncation from 'double' to 'GLfloat'
C:\Users\12284\OneDrive\桌面\cs3241\Lab3_todo_(win-vs2017)\main.cpp(846,51): warning C4305: 'initializing': truncation from 'double' to 'GLfloat'
C:\Users\12284\OneDrive\桌面\cs3241\Lab3_todo_(win-vs2017)\main.cpp(872,49): warning C4305: 'initializing': truncation from 'double' to 'GLfloat'
C:\Users\12284\OneDrive\桌面\cs3241\Lab3_todo_(win-vs2017)\main.cpp(873,49): warning C4305: 'initializing': truncation from 'double' to 'GLfloat'
C:\Users\12284\OneDrive\桌面\cs3241\Lab3_todo_(win-vs2017)\main.cpp(909,49): warning C4305: 'initializing': truncation from 'double' to 'GLfloat'
C:\Users\12284\OneDrive\桌面\cs3241\Lab3_todo_(win-vs2017)\main.cpp(910,49): warning C4305: 'initializing': truncation from 'double' to 'GLfloat'
C:\Users\12284\OneDrive\桌面\cs3241\Lab3_todo_(win-vs2017)\main.cpp(928,49): warning C4305: 'initializing': truncation from 'double' to 'GLfloat'
C:\Users\12284\OneDrive\桌面\cs3241\Lab3_todo_(win-vs2017)\main.cpp(929,49): warning C4305: 'initializing': truncation from 'double' to 'GLfloat'
C:\Users\12284\OneDrive\桌面\cs3241\Lab3_todo_(win-vs2017)\main.cpp(942,21): warning C4305: 'initializing': truncation from 'double' to 'float'
C:\Users\12284\OneDrive\桌面\cs3241\Lab3_todo_(win-vs2017)\main.cpp(991,50): warning C4305: 'initializing': truncation from 'double' to 'GLfloat'
C:\Users\12284\OneDrive\桌面\cs3241\Lab3_todo_(win-vs2017)\main.cpp(992,50): warning C4305: 'initializing': truncation from 'double' to 'GLfloat'
C:\Users\12284\OneDrive\桌面\cs3241\Lab3_todo_(win-vs2017)\main.cpp(993,51): warning C4305: 'initializing': truncation from 'double' to 'GLfloat'
C:\Users\12284\OneDrive\桌面\cs3241\Lab3_todo_(win-vs2017)\main.cpp(1023,80): warning C4305: 'argument': truncation from 'double' to 'float'
C:\Users\12284\OneDrive\桌面\cs3241\Lab3_todo_(win-vs2017)\main.cpp(1029,50): warning C4305: 'initializing': truncation from 'double' to 'GLfloat'
C:\Users\12284\OneDrive\桌面\cs3241\Lab3_todo_(win-vs2017)\main.cpp(1030,50): warning C4305: 'initializing': truncation from 'double' to 'GLfloat'
C:\Users\12284\OneDrive\桌面\cs3241\Lab3_todo_(win-vs2017)\main.cpp(1031,51): warning C4305: 'initializing': truncation from 'double' to 'GLfloat'
C:\Users\12284\OneDrive\桌面\cs3241\Lab3_todo_(win-vs2017)\main.cpp(1045,82): warning C4305: 'argument': truncation from 'double' to 'float'
C:\Users\12284\OneDrive\桌面\cs3241\Lab3_todo_(win-vs2017)\main.cpp(1051,82): warning C4305: 'argument': truncation from 'double' to 'float'
C:\Users\12284\OneDrive\桌面\cs3241\Lab3_todo_(win-vs2017)\main.cpp(1057,82): warning C4305: 'argument': truncation from 'double' to 'float'
C:\Users\12284\OneDrive\桌面\cs3241\Lab3_todo_(win-vs2017)\main.cpp(1063,82): warning C4305: 'argument': truncation from 'double' to 'float'
C:\Users\12284\OneDrive\桌面\cs3241\Lab3_todo_(win-vs2017)\main.cpp(1071,100): warning C4305: 'argument': truncation from 'double' to 'float'
C:\Users\12284\OneDrive\桌面\cs3241\Lab3_todo_(win-vs2017)\main.cpp(1075,50): warning C4305: 'initializing': truncation from 'double' to 'GLfloat'
C:\Users\12284\OneDrive\桌面\cs3241\Lab3_todo_(win-vs2017)\main.cpp(1076,50): warning C4305: 'initializing': truncation from 'double' to 'GLfloat'
C:\Users\12284\OneDrive\桌面\cs3241\Lab3_todo_(win-vs2017)\main.cpp(1077,51): warning C4305: 'initializing': truncation from 'double' to 'GLfloat'
  main.vcxproj -> C:\Users\12284\OneDrive\桌面\cs3241\Lab3_todo_(win-vs2017)\Debug\main.exe
